Content-Type: text/plain; charset="utf-8"
MIME-Version: 1.0
Content-Transfer-Encoding: 7bit
Subject: Alex
From: django@geekshop.local
To: admin@gmail.com
Date: Mon, 10 Aug 2020 12:56:19 -0000
Message-ID: <159706417936.2513.15696790245307716271@iMac.local>

new message
-------------------------------------------------------------------------------
Content-Type: text/plain; charset="utf-8"
MIME-Version: 1.0
Content-Transfer-Encoding: 7bit
Subject: Alex
From: django@geekshop.local
To: sashavidyakov2000@gmail.com
Date: Mon, 10 Aug 2020 12:56:19 -0000
Message-ID: <159706417937.2513.12303815291075336180@iMac.local>

new message
-------------------------------------------------------------------------------
