Content-Type: text/plain; charset="utf-8"
MIME-Version: 1.0
Content-Transfer-Encoding: 7bit
Subject: sasha
From: django@geekshop.local
To: admin@gmail.com
Date: Mon, 10 Aug 2020 12:54:21 -0000
Message-ID: <159706406137.2379.6301719700340009499@iMac.local>

my message
-------------------------------------------------------------------------------
Content-Type: text/plain; charset="utf-8"
MIME-Version: 1.0
Content-Transfer-Encoding: 7bit
Subject: sasha
From: django@geekshop.local
To: sashavidyakov2000@gmail.com
Date: Mon, 10 Aug 2020 12:54:21 -0000
Message-ID: <159706406151.2379.17665947791243745599@iMac.local>

my message
-------------------------------------------------------------------------------
